{"Z:\\Workspace\\hypatos-assignment\\src\\App.js": {"path":"Z:\\Workspace\\hypatos-assignment\\src\\App.js","statementMap":{"0":{"start":{"line":6,"column":18},"end":{"line":12,"column":1}},"1":{"start":{"line":14,"column":12},"end":{"line":166,"column":1}},"2":{"start":{"line":16,"column":26},"end":{"line":16,"column":38}},"3":{"start":{"line":17,"column":44},"end":{"line":17,"column":58}},"4":{"start":{"line":18,"column":36},"end":{"line":18,"column":48}},"5":{"start":{"line":19,"column":42},"end":{"line":19,"column":57}},"6":{"start":{"line":20,"column":34},"end":{"line":20,"column":49}},"7":{"start":{"line":21,"column":28},"end":{"line":21,"column":40}},"8":{"start":{"line":26,"column":2},"end":{"line":66,"column":9}},"9":{"start":{"line":27,"column":27},"end":{"line":63,"column":5}},"10":{"start":{"line":28,"column":25},"end":{"line":54,"column":7}},"11":{"start":{"line":56,"column":24},"end":{"line":60,"column":15}},"12":{"start":{"line":57,"column":25},"end":{"line":57,"column":57}},"13":{"start":{"line":58,"column":22},"end":{"line":58,"column":49}},"14":{"start":{"line":59,"column":35},"end":{"line":59,"column":59}},"15":{"start":{"line":62,"column":6},"end":{"line":62,"column":42}},"16":{"start":{"line":65,"column":4},"end":{"line":65,"column":21}},"17":{"start":{"line":71,"column":2},"end":{"line":79,"column":13}},"18":{"start":{"line":72,"column":20},"end":{"line":74,"column":11}},"19":{"start":{"line":73,"column":6},"end":{"line":73,"column":29}},"20":{"start":{"line":76,"column":4},"end":{"line":78,"column":6}},"21":{"start":{"line":77,"column":6},"end":{"line":77,"column":28}},"22":{"start":{"line":81,"column":2},"end":{"line":128,"column":46}},"23":{"start":{"line":82,"column":23},"end":{"line":125,"column":5}},"24":{"start":{"line":83,"column":25},"end":{"line":114,"column":7}},"25":{"start":{"line":116,"column":6},"end":{"line":124,"column":10}},"26":{"start":{"line":117,"column":8},"end":{"line":123,"column":10}},"27":{"start":{"line":127,"column":4},"end":{"line":127,"column":17}},"28":{"start":{"line":130,"column":2},"end":{"line":165,"column":4}},"29":{"start":{"line":140,"column":29},"end":{"line":140,"column":52}}},"fnMap":{"0":{"name":"(anonymous_0)","decl":{"start":{"line":14,"column":12},"end":{"line":14,"column":13}},"loc":{"start":{"line":14,"column":18},"end":{"line":166,"column":1}},"line":14},"1":{"name":"(anonymous_1)","decl":{"start":{"line":26,"column":12},"end":{"line":26,"column":13}},"loc":{"start":{"line":26,"column":18},"end":{"line":66,"column":3}},"line":26},"2":{"name":"(anonymous_2)","decl":{"start":{"line":27,"column":27},"end":{"line":27,"column":28}},"loc":{"start":{"line":27,"column":39},"end":{"line":63,"column":5}},"line":27},"3":{"name":"(anonymous_3)","decl":{"start":{"line":57,"column":16},"end":{"line":57,"column":17}},"loc":{"start":{"line":57,"column":25},"end":{"line":57,"column":57}},"line":57},"4":{"name":"(anonymous_4)","decl":{"start":{"line":58,"column":13},"end":{"line":58,"column":14}},"loc":{"start":{"line":58,"column":22},"end":{"line":58,"column":49}},"line":58},"5":{"name":"(anonymous_5)","decl":{"start":{"line":59,"column":16},"end":{"line":59,"column":17}},"loc":{"start":{"line":59,"column":35},"end":{"line":59,"column":59}},"line":59},"6":{"name":"(anonymous_6)","decl":{"start":{"line":71,"column":12},"end":{"line":71,"column":13}},"loc":{"start":{"line":71,"column":18},"end":{"line":79,"column":3}},"line":71},"7":{"name":"(anonymous_7)","decl":{"start":{"line":72,"column":31},"end":{"line":72,"column":32}},"loc":{"start":{"line":72,"column":37},"end":{"line":74,"column":5}},"line":72},"8":{"name":"(anonymous_8)","decl":{"start":{"line":76,"column":11},"end":{"line":76,"column":12}},"loc":{"start":{"line":76,"column":17},"end":{"line":78,"column":5}},"line":76},"9":{"name":"(anonymous_9)","decl":{"start":{"line":81,"column":12},"end":{"line":81,"column":13}},"loc":{"start":{"line":81,"column":18},"end":{"line":128,"column":3}},"line":81},"10":{"name":"(anonymous_10)","decl":{"start":{"line":82,"column":23},"end":{"line":82,"column":24}},"loc":{"start":{"line":82,"column":35},"end":{"line":125,"column":5}},"line":82},"11":{"name":"(anonymous_11)","decl":{"start":{"line":116,"column":32},"end":{"line":116,"column":33}},"loc":{"start":{"line":116,"column":42},"end":{"line":124,"column":7}},"line":116},"12":{"name":"(anonymous_12)","decl":{"start":{"line":140,"column":22},"end":{"line":140,"column":23}},"loc":{"start":{"line":140,"column":29},"end":{"line":140,"column":52}},"line":140}},"branchMap":{},"s":{"0":1,"1":1,"2":1,"3":1,"4":1,"5":1,"6":1,"7":1,"8":1,"9":0,"10":0,"11":0,"12":0,"13":0,"14":0,"15":0,"16":0,"17":1,"18":0,"19":0,"20":0,"21":0,"22":1,"23":0,"24":0,"25":0,"26":0,"27":0,"28":1,"29":0},"f":{"0":1,"1":0,"2":0,"3":0,"4":0,"5":0,"6":0,"7":0,"8":0,"9":0,"10":0,"11":0,"12":0},"b":{},"_coverageSchema":"1a1c01bbd47fc00a2c39e90264f33305004495a9","hash":"500612686c25cb982ba7d31d625252c1aa55b0ff"}
}
